<?xml version="1.0" encoding="UTF-8"?>
<testng-results ignored="0" total="2" passed="2" failed="0" skipped="0">
  <reporter-output>
  </reporter-output>
  <suite started-at="2021-06-27T10:51:19Z" name="Suite" finished-at="2021-06-27T10:52:12Z" duration-ms="52857">
    <groups>
      <group name="cucumber">
        <method signature="AbstractTestNGCucumberTests.runScenario(io.cucumber.testng.PickleWrapper, io.cucumber.testng.FeatureWrapper)[pri:0, instance:MyRunner.TestRunners@11f0a5a1]" name="runScenario" class="io.cucumber.testng.AbstractTestNGCucumberTests"/>
      </group> <!-- cucumber -->
    </groups>
    <test started-at="2021-06-27T10:51:19Z" name="Test" finished-at="2021-06-27T10:52:12Z" duration-ms="52857">
      <class name="MyRunner.TestRunners">
        <test-method is-config="true" signature="setUpClass()[pri:0, instance:MyRunner.TestRunners@11f0a5a1]" started-at="2021-06-27T10:51:20Z" name="setUpClass" finished-at="2021-06-27T10:51:24Z" duration-ms="4080" status="PASS">
          <reporter-output>
          </reporter-output>
        </test-method> <!-- setUpClass -->
        <test-method signature="runScenario(io.cucumber.testng.PickleWrapper, io.cucumber.testng.FeatureWrapper)[pri:0, instance:MyRunner.TestRunners@11f0a5a1]" started-at="2021-06-27T10:51:24Z" name="runScenario" description="Runs Cucumber Scenarios" data-provider="scenarios" finished-at="2021-06-27T10:51:51Z" duration-ms="27450" status="PASS">
          <params>
            <param index="0">
              <value>
                <![CDATA["Title of your scenario"]]>
              </value>
            </param>
            <param index="1">
              <value>
                <![CDATA["Optional[To test the data]"]]>
              </value>
            </param>
          </params>
          <reporter-output>
          </reporter-output>
        </test-method> <!-- runScenario -->
        <test-method signature="runScenario(io.cucumber.testng.PickleWrapper, io.cucumber.testng.FeatureWrapper)[pri:0, instance:MyRunner.TestRunners@11f0a5a1]" started-at="2021-06-27T10:51:51Z" name="runScenario" description="Runs Cucumber Scenarios" data-provider="scenarios" finished-at="2021-06-27T10:52:08Z" duration-ms="16710" status="PASS">
          <params>
            <param index="0">
              <value>
                <![CDATA["Second Feature file Testing"]]>
              </value>
            </param>
            <param index="1">
              <value>
                <![CDATA["Optional[Second Feature file Testing]"]]>
              </value>
            </param>
          </params>
          <reporter-output>
          </reporter-output>
        </test-method> <!-- runScenario -->
        <test-method is-config="true" signature="tearDownClass()[pri:0, instance:MyRunner.TestRunners@11f0a5a1]" started-at="2021-06-27T10:52:08Z" name="tearDownClass" finished-at="2021-06-27T10:52:12Z" duration-ms="3824" status="PASS">
          <reporter-output>
          </reporter-output>
        </test-method> <!-- tearDownClass -->
      </class> <!-- MyRunner.TestRunners -->
    </test> <!-- Test -->
  </suite> <!-- Suite -->
</testng-results>
