<?xml version="1.0" encoding="UTF-8"?>
<testng-results ignored="0" total="2" passed="2" failed="0" skipped="0">
  <reporter-output>
  </reporter-output>
  <suite started-at="2021-06-27T13:30:00Z" name="Default suite" finished-at="2021-06-27T13:30:37Z" duration-ms="37104">
    <groups>
      <group name="cucumber">
        <method signature="AbstractTestNGCucumberTests.runScenario(io.cucumber.testng.PickleWrapper, io.cucumber.testng.FeatureWrapper)[pri:0, instance:MyRunner.TestRunners@2796aeae]" name="runScenario" class="io.cucumber.testng.AbstractTestNGCucumberTests"/>
      </group> <!-- cucumber -->
    </groups>
    <test started-at="2021-06-27T13:30:00Z" name="Default test" finished-at="2021-06-27T13:30:37Z" duration-ms="37104">
      <class name="MyRunner.TestRunners">
        <test-method is-config="true" signature="setUpClass()[pri:0, instance:MyRunner.TestRunners@2796aeae]" started-at="2021-06-27T13:30:00Z" name="setUpClass" finished-at="2021-06-27T13:30:02Z" duration-ms="2428" status="PASS">
          <reporter-output>
          </reporter-output>
        </test-method> <!-- setUpClass -->
        <test-method signature="runScenario(io.cucumber.testng.PickleWrapper, io.cucumber.testng.FeatureWrapper)[pri:0, instance:MyRunner.TestRunners@2796aeae]" started-at="2021-06-27T13:30:02Z" name="runScenario" description="Runs Cucumber Scenarios" data-provider="scenarios" finished-at="2021-06-27T13:30:19Z" duration-ms="16605" status="PASS">
          <params>
            <param index="0">
              <value>
                <![CDATA["Title of your scenario"]]>
              </value>
            </param>
            <param index="1">
              <value>
                <![CDATA["Optional[To test the data]"]]>
              </value>
            </param>
          </params>
          <reporter-output>
          </reporter-output>
        </test-method> <!-- runScenario -->
        <test-method signature="runScenario(io.cucumber.testng.PickleWrapper, io.cucumber.testng.FeatureWrapper)[pri:0, instance:MyRunner.TestRunners@2796aeae]" started-at="2021-06-27T13:30:19Z" name="runScenario" description="Runs Cucumber Scenarios" data-provider="scenarios" finished-at="2021-06-27T13:30:31Z" duration-ms="12516" status="PASS">
          <params>
            <param index="0">
              <value>
                <![CDATA["Second Feature file Testing"]]>
              </value>
            </param>
            <param index="1">
              <value>
                <![CDATA["Optional[Second Feature file Testing]"]]>
              </value>
            </param>
          </params>
          <reporter-output>
          </reporter-output>
        </test-method> <!-- runScenario -->
        <test-method is-config="true" signature="tearDownClass()[pri:0, instance:MyRunner.TestRunners@2796aeae]" started-at="2021-06-27T13:30:31Z" name="tearDownClass" finished-at="2021-06-27T13:30:37Z" duration-ms="5488" status="PASS">
          <reporter-output>
          </reporter-output>
        </test-method> <!-- tearDownClass -->
      </class> <!-- MyRunner.TestRunners -->
    </test> <!-- Default test -->
  </suite> <!-- Default suite -->
</testng-results>
