<?xml version="1.0" encoding="UTF-8"?>
<testng-results ignored="0" total="2" passed="2" failed="0" skipped="0">
  <reporter-output>
  </reporter-output>
  <suite started-at="2021-06-27T08:41:43Z" name="Suite" finished-at="2021-06-27T08:42:27Z" duration-ms="44176">
    <groups>
      <group name="cucumber">
        <method signature="AbstractTestNGCucumberTests.runScenario(io.cucumber.testng.PickleWrapper, io.cucumber.testng.FeatureWrapper)[pri:0, instance:MyRunner.TestRunners@16eccb2e]" name="runScenario" class="io.cucumber.testng.AbstractTestNGCucumberTests"/>
      </group> <!-- cucumber -->
    </groups>
    <test started-at="2021-06-27T08:41:43Z" name="Test" finished-at="2021-06-27T08:42:27Z" duration-ms="44176">
      <class name="MyRunner.TestRunners">
        <test-method is-config="true" signature="setUpClass()[pri:0, instance:MyRunner.TestRunners@16eccb2e]" started-at="2021-06-27T08:41:44Z" name="setUpClass" finished-at="2021-06-27T08:41:47Z" duration-ms="2805" status="PASS">
          <reporter-output>
          </reporter-output>
        </test-method> <!-- setUpClass -->
        <test-method signature="runScenario(io.cucumber.testng.PickleWrapper, io.cucumber.testng.FeatureWrapper)[pri:0, instance:MyRunner.TestRunners@16eccb2e]" started-at="2021-06-27T08:41:47Z" name="runScenario" description="Runs Cucumber Scenarios" data-provider="scenarios" finished-at="2021-06-27T08:42:08Z" duration-ms="21528" status="PASS">
          <params>
            <param index="0">
              <value>
                <![CDATA["Title of your scenario"]]>
              </value>
            </param>
            <param index="1">
              <value>
                <![CDATA["Optional[To test the data]"]]>
              </value>
            </param>
          </params>
          <reporter-output>
          </reporter-output>
        </test-method> <!-- runScenario -->
        <test-method signature="runScenario(io.cucumber.testng.PickleWrapper, io.cucumber.testng.FeatureWrapper)[pri:0, instance:MyRunner.TestRunners@16eccb2e]" started-at="2021-06-27T08:42:08Z" name="runScenario" description="Runs Cucumber Scenarios" data-provider="scenarios" finished-at="2021-06-27T08:42:23Z" duration-ms="15042" status="PASS">
          <params>
            <param index="0">
              <value>
                <![CDATA["Second Feature file Testing"]]>
              </value>
            </param>
            <param index="1">
              <value>
                <![CDATA["Optional[Second Feature file Testing]"]]>
              </value>
            </param>
          </params>
          <reporter-output>
          </reporter-output>
        </test-method> <!-- runScenario -->
        <test-method is-config="true" signature="tearDownClass()[pri:0, instance:MyRunner.TestRunners@16eccb2e]" started-at="2021-06-27T08:42:23Z" name="tearDownClass" finished-at="2021-06-27T08:42:27Z" duration-ms="4024" status="PASS">
          <reporter-output>
          </reporter-output>
        </test-method> <!-- tearDownClass -->
      </class> <!-- MyRunner.TestRunners -->
    </test> <!-- Test -->
  </suite> <!-- Suite -->
</testng-results>
